IP-Adresse: 87.120.127.103
Requested HOST: order.2t-videomarketing.mw.hkpig.de
Requested URI: /
User-Agent: Mozilla/5.0 (Linux; Android 8.0.0; SM-G935V) AppleWebKit/537.36 (KHTML, like Gecko) Chrome/76.0.3809.111 Mobile Safari/537.36
Zugriffszeit: 2024-10-15 05:08:01
Country: DE
no hash provided!
----------------------------
IP-Adresse: 104.166.80.252
Requested HOST: order.2t-videomarketing.mw.hkpig.de
Requested URI: /
User-Agent: Mozilla/5.0 (X11; Linux i686; rv:109.0) Gecko/20100101 Firefox/120.0
Zugriffszeit: 2024-10-15 09:23:11
Country: US
Access denied. This site is only available in the EU without VPN.
----------------------------
IP-Adresse: 185.220.101.27
Requested HOST: order.2t-videomarketing.mw.hkpig.de
Requested URI: /?id=4a2dc4379dec24293f00173d43b5ba36
User-Agent: Mozilla/5.0 (Windows NT 10.0; rv:109.0) Gecko/20100101 Firefox/115.0
Zugriffszeit: 2024-10-15 09:53:41
Country: DE
Hash: 4a2dc4379dec24293f00173d43b5ba36
Check-In not performed yet
----------------------------
IP-Adresse: 185.220.101.27
Requested HOST: order.2t-videomarketing.mw.hkpig.de
Requested URI: /?id=4a2dc4379dec24293f00173d43b5ba36&checkin=true
User-Agent: Mozilla/5.0 (Windows NT 10.0; rv:109.0) Gecko/20100101 Firefox/115.0
Zugriffszeit: 2024-10-15 09:53:50
Country: DE
Hash: 4a2dc4379dec24293f00173d43b5ba36
Check-In clicked: FM-2T-2024-543
----------------------------
